\BOOKMARK [0][-]{chapter.1}{Lecture 1}{}% 1
\BOOKMARK [1][-]{section.1.1}{Stats vs Probability}{chapter.1}% 2
\BOOKMARK [1][-]{section.1.2}{To do Well}{chapter.1}% 3
\BOOKMARK [1][-]{section.1.3}{Useful Terminology}{chapter.1}% 4
\BOOKMARK [1][-]{section.1.4}{Event Laws}{chapter.1}% 5
\BOOKMARK [1][-]{section.1.5}{Mutually Exclusive}{chapter.1}% 6
\BOOKMARK [1][-]{section.1.6}{Independence}{chapter.1}% 7
\BOOKMARK [1][-]{section.1.7}{DeMorgan's Laws}{chapter.1}% 8
\BOOKMARK [1][-]{section.1.8}{Sample Space Examples}{chapter.1}% 9
\BOOKMARK [1][-]{section.1.9}{Event Examples}{chapter.1}% 10
\BOOKMARK [1][-]{section.1.10}{Exclusive \046 independence Examples}{chapter.1}% 11
\BOOKMARK [1][-]{section.1.11}{Intro to Probability}{chapter.1}% 12
\BOOKMARK [2][-]{subsection.1.11.1}{Axioms of Probability}{section.1.11}% 13
\BOOKMARK [2][-]{subsection.1.11.2}{probability proof}{section.1.11}% 14
\BOOKMARK [1][-]{section.1.12}{Inculsion/Exclusion Principle}{chapter.1}% 15
\BOOKMARK [2][-]{subsection.1.12.1}{Triple Example}{section.1.12}% 16
\BOOKMARK [2][-]{subsection.1.12.2}{Inclusion Exclusion Examples}{section.1.12}% 17
\BOOKMARK [2][-]{subsection.1.12.3}{Disjoint Events on a Venn Diagram}{section.1.12}% 18
\BOOKMARK [2][-]{subsection.1.12.4}{Denoting Events \046 More Calculation}{section.1.12}% 19
\BOOKMARK [2][-]{subsection.1.12.5}{Shows Question}{section.1.12}% 20
\BOOKMARK [1][-]{section.1.13}{Suggested Exercises}{chapter.1}% 21
\BOOKMARK [2][-]{subsection.1.13.1}{2.8}{section.1.13}% 22
\BOOKMARK [2][-]{subsection.1.13.2}{2.9}{section.1.13}% 23
\BOOKMARK [2][-]{subsection.1.13.3}{2.10}{section.1.13}% 24
\BOOKMARK [2][-]{subsection.1.13.4}{2.12}{section.1.13}% 25
\BOOKMARK [2][-]{subsection.1.13.5}{2.15}{section.1.13}% 26
\BOOKMARK [2][-]{subsection.1.13.6}{2.16}{section.1.13}% 27
\BOOKMARK [2][-]{subsection.1.13.7}{2.20}{section.1.13}% 28
\BOOKMARK [2][-]{subsection.1.13.8}{2.21}{section.1.13}% 29
\BOOKMARK [2][-]{subsection.1.13.9}{2.23}{section.1.13}% 30
\BOOKMARK [2][-]{subsection.1.13.10}{2.24}{section.1.13}% 31
\BOOKMARK [2][-]{subsection.1.13.11}{2.27}{section.1.13}% 32
\BOOKMARK [2][-]{subsection.1.13.12}{2.28}{section.1.13}% 33
\BOOKMARK [2][-]{subsection.1.13.13}{2.29}{section.1.13}% 34
