\BOOKMARK [0][-]{chapter.1}{Lecture 1 - Review}{}% 1
\BOOKMARK [1][-]{section.1.1}{Sets \046 tuples}{chapter.1}% 2
\BOOKMARK [1][-]{section.1.2}{Functions}{chapter.1}% 3
\BOOKMARK [1][-]{section.1.3}{Function Questions}{chapter.1}% 4
\BOOKMARK [2][-]{subsection.1.3.1}{Visual Sets}{section.1.3}% 5
\BOOKMARK [2][-]{subsection.1.3.2}{Defined sets}{section.1.3}% 6
\BOOKMARK [2][-]{subsection.1.3.3}{Image and Inverse Image}{section.1.3}% 7
\BOOKMARK [2][-]{subsection.1.3.4}{Final Four}{section.1.3}% 8
\BOOKMARK [0][-]{chapter.2}{Lecture 2}{}% 9
\BOOKMARK [1][-]{section.2.1}{Geometry in Higher Dimensions}{chapter.2}% 10
\BOOKMARK [2][-]{subsection.2.1.1}{Operations on n-tuples}{section.2.1}% 11
\BOOKMARK [2][-]{subsection.2.1.2}{Law of Cosines}{section.2.1}% 12
\BOOKMARK [2][-]{subsection.2.1.3}{Important properties of the norm}{section.2.1}% 13
\BOOKMARK [2][-]{subsection.2.1.4}{Properties of the Cross Product}{section.2.1}% 14
\BOOKMARK [0][-]{chapter.3}{Lecture 3}{}% 15
\BOOKMARK [1][-]{section.3.1}{Visualizing Mult-Var}{chapter.3}% 16
\BOOKMARK [2][-]{subsection.3.1.1}{Level Curve Questions - Online}{section.3.1}% 17
\BOOKMARK [2][-]{subsection.3.1.2}{Mountains and Valleys - Lecture}{section.3.1}% 18
\BOOKMARK [2][-]{subsection.3.1.3}{Level Curve Harder}{section.3.1}% 19
\BOOKMARK [2][-]{subsection.3.1.4}{3-Variable Functions}{section.3.1}% 20
\BOOKMARK [2][-]{subsection.3.1.5}{4 or more}{section.3.1}% 21
\BOOKMARK [1][-]{section.3.2}{Topology}{chapter.3}% 22
\BOOKMARK [2][-]{subsection.3.2.1}{Slide Questions}{section.3.2}% 23
\BOOKMARK [1][-]{section.3.3}{Preliminary Questions}{chapter.3}% 24
\BOOKMARK [0][-]{chapter.4}{Homework Week 1}{}% 25
